2018-05-15 07:09:39,788 - __main__ - INFO - ================Start working================
2018-05-15 07:09:39,800 - __main__ - INFO - Connect to RabbitMQ-server
2018-05-15 07:09:39,802 - __main__ - INFO - Create 2 channel : channel_parse, channel_insert
2018-05-15 07:09:39,802 - __main__ - INFO - channel_insert create queue : QUEUE_INSERT (durable = True)
2018-05-15 07:09:39,803 - __main__ - INFO - channel_parse create queue : QUEUE_PARSER (durable = True)
2018-05-15 07:09:39,804 - __main__ - INFO - Start consuming. Queue : QUEUE_PARSE
2018-05-15 07:09:39,853 - __main__ - INFO - Done : (RSS)-https://developer.joomla.org/security-centre.feed?type=rss
2018-05-15 07:10:00,447 - __main__ - INFO - Done :(HTML)-https://developer.joomla.org/security-centre/722-20180104-core-sqli-vulnerability.html
2018-05-15 07:10:00,549 - __main__ - INFO - Done :(HTML)-https://developer.joomla.org/security-centre/723-20180301-core-sqli-vulnerability.html
2018-05-15 07:10:00,707 - __main__ - INFO - Done :(HTML)-https://developer.joomla.org/security-centre/721-20180103-core-xss-vulnerability.html
2018-05-15 07:10:00,870 - __main__ - INFO - Done :(HTML)-https://developer.joomla.org/security-centre/720-20180102-core-xss-vulnerability.html
2018-05-15 07:10:00,973 - __main__ - INFO - Done :(HTML)-https://developer.joomla.org/security-centre/715-20171103-core-information-disclosure.html
2018-05-15 07:10:01,099 - __main__ - INFO - Done :(HTML)-https://developer.joomla.org/security-centre/718-20180101-core-xss-vulnerability.html
2018-05-15 07:10:01,216 - __main__ - INFO - Done :(HTML)-https://developer.joomla.org/security-centre/710-20170901-core-information-disclosure.html
2018-05-15 07:10:01,966 - __main__ - INFO - Done :(HTML)-https://developer.joomla.org/security-centre/714-20171101-core-ldap-information-disclosure.html
2018-05-15 07:10:02,116 - __main__ - INFO - Done :(HTML)-https://developer.joomla.org/security-centre/713-20171102-core-2-factor-authentication-bypass.html
2018-05-15 07:10:02,117 - __main__ - INFO - Done : (Error)-https://www.joomla.org
2018-05-15 07:10:02,118 - __main__ - INFO - Done : (Error)-https://www.joomla.org/contribute-to-joomla.html
2018-05-15 07:10:02,119 - __main__ - INFO - Done : (Error)-https://community.joomla.org/the-joomla-shop.html
2018-05-15 07:10:02,119 - __main__ - INFO - Done : (Error)-https://www.joomla.org/sponsorship
2018-05-15 07:10:02,120 - __main__ - INFO - Done : (Error)-https://demo.joomla.org
2018-05-15 07:10:02,121 - __main__ - INFO - Done : (Error)-https://www.joomla.com
2018-05-15 07:10:02,121 - __main__ - INFO - Done : (Error)-https://www.joomla.org/about-joomla.html
2018-05-15 07:10:02,122 - __main__ - INFO - Done : (Error)-https://www.joomla.org/core-features.html
2018-05-15 07:10:02,123 - __main__ - INFO - Done : (Error)-https://www.joomla.org/about-joomla/the-project.html
2018-05-15 07:10:02,123 - __main__ - INFO - Done : (Error)-https://www.joomla.org/about-joomla/the-project/leadership-team.html
2018-05-15 07:10:02,124 - __main__ - INFO - Done : (Error)-https://opensourcematters.org
2018-05-15 07:10:02,125 - __main__ - INFO - Done : (Error)-https://downloads.joomla.org
2018-05-15 07:10:02,125 - __main__ - INFO - Done : (Error)-https://extensions.joomla.org
2018-05-15 07:10:02,126 - __main__ - INFO - Done : (Error)-https://community.joomla.org/translations.html
2018-05-15 07:10:02,127 - __main__ - INFO - Done : (Error)-https://showcase.joomla.org
2018-05-15 07:10:02,130 - __main__ - INFO - Done : (Error)-https://certification.joomla.org
2018-05-15 07:10:02,131 - __main__ - INFO - Done : (Error)-https://www.joomla.org/announcements.html
2018-05-15 07:10:02,131 - __main__ - INFO - Done : (Error)-https://community.joomla.org/blogs.html
2018-05-15 07:10:02,132 - __main__ - INFO - Done : (Error)-https://magazine.joomla.org
2018-05-15 07:10:02,134 - __main__ - INFO - Done : (Error)-https://community.joomla.org/connect.html
2018-05-15 07:10:02,134 - __main__ - INFO - Done : (Error)-https://www.joomla.org/mailing-lists.html
2018-05-15 07:10:02,134 - __main__ - INFO - Done : (Error)-https://community.joomla.org
2018-05-15 07:10:02,141 - __main__ - INFO - Done : (Error)-https://community.joomla.org/events.html
2018-05-15 07:10:02,142 - __main__ - INFO - Done : (Error)-https://tm.joomla.org
2018-05-15 07:10:02,146 - __main__ - INFO - Done : (Error)-https://community.joomla.org/user-groups.html
2018-05-15 07:10:02,146 - __main__ - INFO - Done : (Error)-https://volunteers.joomla.org
2018-05-15 07:10:02,146 - __main__ - INFO - Done : (Error)-https://forum.joomla.org
2018-05-15 07:10:02,146 - __main__ - INFO - Done : (Error)-https://docs.joomla.org
2018-05-15 07:10:02,147 - __main__ - INFO - Done : (Error)-https://issues.joomla.org
2018-05-15 07:10:02,147 - __main__ - INFO - Done : (Error)-https://resources.joomla.org
2018-05-15 07:10:02,147 - __main__ - INFO - Done : (Error)-https://community.joomla.org/joomla-training.html
2018-05-15 07:10:02,276 - __main__ - INFO - Done :(HTML)-https://developer.joomla.org/security-centre/711-20170902-core-ldap-information-disclosure.html
2018-05-15 07:10:02,277 - __main__ - INFO - Done : (Error)-https://docs.joomla.org/Bug_Squad
2018-05-15 07:10:02,726 - __main__ - INFO - Done :(HTML)-https://developer.joomla.org#
2018-05-15 07:10:02,727 - __main__ - INFO - Done : (Error)-https://api.joomla.org
2018-05-15 07:10:02,727 - __main__ - INFO - Done : (Error)-http://joomlacode.org
2018-05-15 07:10:02,728 - __main__ - INFO - Done : (Error)-https://framework.joomla.org
2018-05-15 07:10:03,169 - __main__ - INFO - Done :(HTML)-https://developer.joomla.org
2018-05-15 07:10:03,170 - __main__ - INFO - Done : (Error)-https://downloads.joomla.org/
2018-05-15 07:10:03,385 - __main__ - INFO - Done :(HTML)-https://developer.joomla.org/
2018-05-15 07:10:03,938 - __main__ - INFO - Done :(HTML)-https://developer.joomla.org/security.html
2018-05-15 07:10:04,297 - __main__ - INFO - Done :(HTML)-https://developer.joomla.org/news.html
2018-05-15 07:10:04,417 - __main__ - INFO - Done :(HTML)-https://developer.joomla.org/cms.html
2018-05-15 07:10:04,606 - __main__ - INFO - Done :(HTML)-https://developer.joomla.org/tracker.html
2018-05-15 07:10:04,791 - __main__ - INFO - Done :(HTML)-https://developer.joomla.org/roadmap.html
2018-05-15 07:10:06,929 - __main__ - INFO - Done :(HTML)-https://developer.joomla.org/framework.html
2018-05-15 07:10:06,929 - __main__ - INFO - Done : (Error)-https://cve.mitre.org/cgi-bin/cvename.cgi?name=CVE-2018-6376
2018-05-15 07:10:06,930 - __main__ - INFO - Done : (Error)-https://ripstech.com
2018-05-15 07:10:06,930 - __main__ - INFO - Done : (Error)-https://downloads.joomla.org/latest
2018-05-15 07:10:09,214 - __main__ - INFO - Done :(HTML)-https://developer.joomla.org/security-centre.html
2018-05-15 07:10:09,214 - __main__ - INFO - Done : (Error)-https://framework.joomla.org/status
2018-05-15 07:10:09,913 - __main__ - INFO - Done :(HTML)-https://developer.joomla.org/about.html
2018-05-15 07:10:10,220 - __main__ - INFO - Done :(HTML)-https://developer.joomla.org/nightly-builds.html
2018-05-15 07:10:14,564 - __main__ - INFO - Done :(HTML)-https://developer.joomla.org/security/contact-the-team.html
2018-05-15 07:10:17,788 - __main__ - INFO - Done :(HTML)-https://developer.joomla.org/about/stats/api.html
2018-05-15 07:10:19,200 - __main__ - INFO - Done :(HTML)-https://developer.joomla.org/about/stats.html
2018-05-15 07:10:20,406 - __main__ - INFO - Done :(HTML)-https://developer.joomla.org/development-strategy.html
2018-05-15 07:10:22,719 - __main__ - INFO - Done :(HTML)-https://developer.joomla.org/coding-standards.html
2018-05-15 07:10:34,868 - __main__ - INFO - Done :(HTML)-https://developer.joomla.org/cms-coverage
2018-05-15 07:10:35,228 - __main__ - INFO - Done :(HTML)-https://developer.joomla.org/en-gb-user-interface-text-guidelines.html
2018-05-15 07:10:35,229 - __main__ - INFO - Done : (Error)-https://www.joomla.org/3/
2018-05-15 07:10:35,231 - __main__ - INFO - Done : (Error)-https://twitter.com/joomla
2018-05-15 07:10:35,231 - __main__ - INFO - Done : (Error)-https://www.facebook.com/joomla
2018-05-15 07:10:35,231 - __main__ - INFO - Done : (Error)-https://www.linkedin.com/company/joomla
2018-05-15 07:10:35,232 - __main__ - INFO - Done : (Error)-https://www.pinterest.com/joomla
2018-05-15 07:10:35,593 - __main__ - INFO - Done :(HTML)-https://developer.joomla.org/newsletter.html
2018-05-15 07:10:35,594 - __main__ - INFO - Done : (Error)-https://www.instagram.com/joomlaofficial/
2018-05-15 07:10:35,594 - __main__ - INFO - Done : (Error)-https://www.joomla.org/accessibility-statement.html
2018-05-15 07:10:35,594 - __main__ - INFO - Done : (Error)-https://www.joomla.org/privacy-policy.html
2018-05-15 07:10:35,595 - __main__ - INFO - Done : (Error)-https://crowdin.com/projects/Joomla
2018-05-15 07:10:35,595 - __main__ - INFO - Done : (Error)-https://www.paypal.me/joomlaosm/5
2018-05-15 07:10:35,595 - __main__ - INFO - Done : (Error)-https://www.rochen.com/joomla-hosting
2018-05-15 07:10:35,596 - __main__ - INFO - Done : (Error)-https://cve.mitre.org/cgi-bin/cvename.cgi?name=CVE-2018-8045
2018-05-15 07:10:36,171 - __main__ - INFO - Done :(HTML)-https://developer.joomla.org/joomlacode-archive.html
2018-05-15 07:10:36,172 - __main__ - INFO - Done : (Error)-https://cve.mitre.org/cgi-bin/cvename.cgi?name=CVE-2018-6379
2018-05-15 07:10:36,172 - __main__ - INFO - Done : (Error)-https://cve.mitre.org/cgi-bin/cvename.cgi?name=CVE-2018-6377
2018-05-15 07:10:36,172 - __main__ - INFO - Done : (Error)-https://cve.mitre.org/cgi-bin/cvename.cgi?name=CVE-2017-16633
2018-05-15 07:10:36,173 - __main__ - INFO - Done : (Error)-https://cve.mitre.org/cgi-bin/cvename.cgi?name=CVE-2017-14595
2018-05-15 07:10:36,173 - __main__ - INFO - Done : (Error)-https://cve.mitre.org/cgi-bin/cvename.cgi?name=CVE-2017-14596
2018-05-15 07:10:36,173 - __main__ - INFO - Done : (Error)-https://www.ripstech.com
2018-05-15 07:10:36,173 - __main__ - INFO - Done : (Error)-https://cve.mitre.org/cgi-bin/cvename.cgi?name=CVE-2017-16634
2018-05-15 07:10:36,174 - __main__ - INFO - Done : (Error)-https://cve.mitre.org/cgi-bin/cvename.cgi?name=CVE-2018-6380
2018-05-15 07:10:36,175 - __main__ - INFO - Done : (Error)-https://volunteers.joomla.org/teams/security-strike-team
2018-05-15 07:10:36,175 - __main__ - INFO - Done : (Error)-https://vel.joomla.org
2018-05-15 07:10:36,176 - __main__ - INFO - Done : (Error)-https://forum.joomla.org/viewforum.php?f=714
2018-05-15 07:10:36,176 - __main__ - INFO - Done : (Error)-https://volunteers.joomla.org/teams/marketing
2018-05-15 07:10:36,176 - __main__ - INFO - Done : (Error)-https://www.facebook.com/sharer/sharer.php?u=https%3A%2F%2Fjoom.la%2FjRn
2018-05-15 07:10:36,177 - __main__ - INFO - Done : (Error)-https://twitter.com/intent/tweet?text=State+of+the+Framework%3A+https%3A%2F%2Fjoom.la%2FjRn
2018-05-15 07:10:36,177 - __main__ - INFO - Done : (Error)-http://www.linkedin.com/shareArticle?mini=true&url=https%3A%2F%2Fjoom.la%2FjRn&title=State+of+the+Framework&summary=Since+its+initial+stable+release+in+December+2013%2C...
2018-05-15 07:10:36,178 - __main__ - INFO - Done : (Error)-http://pinterest.com/pin/create/button/?url=https%3A%2F%2Fjoom.la%2FjRn&media=https%3A%2F%2Fdeveloper.joomla.org%2Fimages%2Fnews%2Fstate-of-joomla-framework.jpg&description=State+of+the+Framework
2018-05-15 07:10:36,179 - __main__ - INFO - Done : (Error)-https://www.facebook.com/sharer/sharer.php?u=https%3A%2F%2Fjoom.la%2FjSd
2018-05-15 07:10:36,180 - __main__ - INFO - Done : (Error)-https://twitter.com/intent/tweet?text=Updated+Branches+on+Joomla+Repository%3A+https%3A%2F%2Fjoom.la%2FjSd
2018-05-15 07:10:36,180 - __main__ - INFO - Done : (Error)-http://www.linkedin.com/shareArticle?mini=true&url=https%3A%2F%2Fjoom.la%2FjSd&title=Updated+Branches+on+Joomla+Repository&summary=In+preparation+for+the+upcoming+3.9+and+3.10+relea...
2018-05-15 07:10:36,181 - __main__ - INFO - Done : (Error)-http://pinterest.com/pin/create/button/?url=https%3A%2F%2Fjoom.la%2FjSd&media=https%3A%2F%2Fdeveloper.joomla.org%2Fimages%2Fnews%2Fjoomla-39-310-branches.jpg&description=Updated+Branches+on+Joomla+Repository
2018-05-15 07:10:36,181 - __main__ - INFO - Done : (Error)-https://www.facebook.com/sharer/sharer.php?u=https%3A%2F%2Fjoom.la%2FjSc
2018-05-15 07:10:36,181 - __main__ - INFO - Done : (Error)-https://twitter.com/intent/tweet?text=Joomla%21+4+is+on+the+horizon+%E2%80%A6%3A+https%3A%2F%2Fjoom.la%2FjSc
2018-05-15 07:10:36,181 - __main__ - INFO - Done : (Error)-http://www.linkedin.com/shareArticle?mini=true&url=https%3A%2F%2Fjoom.la%2FjSc&title=Joomla%21+4+is+on+the+horizon+%E2%80%A6&summary=The+Joomla+Project+is+pleased+to+announce+the+avai...
2018-05-15 07:10:36,182 - __main__ - INFO - Done : (Error)-http://pinterest.com/pin/create/button/?url=https%3A%2F%2Fjoom.la%2FjSc&media=https%3A%2F%2Fdeveloper.joomla.org%2Fimages%2Fnews%2Fjoomla-4-alpha3.jpg&description=Joomla%21+4+is+on+the+horizon+%E2%80%A6
2018-05-15 07:10:36,182 - __main__ - INFO - Done : (Error)-https://www.facebook.com/sharer/sharer.php?u=https%3A%2F%2Fjoom.la%2FjQI
2018-05-15 07:10:36,182 - __main__ - INFO - Done : (Error)-https://twitter.com/intent/tweet?text=Goals+for+Joomla+3.9%3A+https%3A%2F%2Fjoom.la%2FjQI
2018-05-15 07:10:36,183 - __main__ - INFO - Done : (Error)-http://www.linkedin.com/shareArticle?mini=true&url=https%3A%2F%2Fjoom.la%2FjQI&title=Goals+for+Joomla+3.9&summary=As+previously+announced+here+%2C+the+Joomla+Project...
2018-05-15 07:10:36,183 - __main__ - INFO - Done : (Error)-http://pinterest.com/pin/create/button/?url=https%3A%2F%2Fjoom.la%2FjQI&media=https%3A%2F%2Fdeveloper.joomla.org%2Fimages%2Fnews%2Fjoomla-39-plan.jpg&description=Goals+for+Joomla+3.9
2018-05-15 07:10:36,184 - __main__ - INFO - Done : (Error)-https://www.joomla.org/announcements/release-news/5731-joomla-3-9-and-joomla-3-10.html
2018-05-15 07:10:36,184 - __main__ - INFO - Done : (Error)-https://www.facebook.com/sharer/sharer.php?u=https%3A%2F%2Fjoom.la%2FjOr
2018-05-15 07:10:36,184 - __main__ - INFO - Done : (Error)-https://twitter.com/intent/tweet?text=Removal+of+the+Gmail+Authentication+Plugin+as+of+Joomla+4.0%3A+https%3A%2F%2Fjoom.la%2FjOr
2018-05-15 07:10:36,185 - __main__ - INFO - Done : (Error)-http://www.linkedin.com/shareArticle?mini=true&url=https%3A%2F%2Fjoom.la%2FjOr&title=Removal+of+the+Gmail+Authentication+Plugin+as+of+Joomla+4.0&summary=Since+version+1.5%2C+the+Joomla+CMS+contains+a+Gmail...
2018-05-15 07:10:36,423 - __main__ - INFO - Done :(HTML)-https://developer.joomla.org/login.html
2018-05-15 07:10:36,424 - __main__ - INFO - Done : (Error)-https://twitter.com/JoomlaDeveloper
2018-05-15 07:10:36,545 - __main__ - INFO - Done :(HTML)-https://developer.joomla.org/security-centre/700-20170704-core-installer-lack-of-ownership-verification.html
2018-05-15 07:10:36,547 - __main__ - INFO - Done : (Error)-https://issues.joomla.org/activity/total/joomla-cms
2018-05-15 07:10:36,548 - __main__ - INFO - Done : (Error)-http://pinterest.com/pin/create/button/?url=https%3A%2F%2Fjoom.la%2FjOr&media=https%3A%2F%2Fdeveloper.joomla.org%2Fimages%2Fnews%2Fjoomla4-gmail.jpg&description=Removal+of+the+Gmail+Authentication+Plugin+as+of+Joomla+4.0
2018-05-15 07:10:36,549 - __main__ - INFO - Done : (Error)-https://issues.joomla.org/activity/user/joomla-cms
2018-05-15 07:10:36,550 - __main__ - INFO - Done : (Error)-https://issues.joomla.org/activity/snapshot/joomla-cms
2018-05-15 07:10:36,550 - __main__ - INFO - Done : (Error)-https://volunteers.joomla.org/departments/production
2018-05-15 07:10:36,551 - __main__ - INFO - Done : (Error)-https://issues.joomla.org/activity/project/joomla-cms
2018-05-15 07:10:36,551 - __main__ - INFO - Done : (Error)-https://volunteers.joomla.org/teams/cms-release-team
2018-05-15 07:10:36,551 - __main__ - INFO - Done : (Error)-https://volunteers.joomla.org/teams/cms-maintenance-team
2018-05-15 07:10:36,552 - __main__ - INFO - Done : (Error)-https://downloads.joomla.org/cms/joomla3
2018-05-15 07:10:36,552 - __main__ - INFO - Done : (Error)-https://downloads.joomla.org/cms/joomla3/3-8-7
2018-05-15 07:10:36,552 - __main__ - INFO - Done : (Error)-https://docs.joomla.org/Potential_backward_compatibility_issues_in_Joomla_4
2018-05-15 07:10:36,553 - __main__ - INFO - Done : (Error)-https://volunteers.joomla.org/teams/new-media-manager-team
2018-05-15 07:10:36,553 - __main__ - INFO - Done : (Error)-https://volunteers.joomla.org/teams/framework-working-group
2018-05-15 07:10:36,553 - __main__ - INFO - Done : (Error)-http://getcomposer.org
2018-05-15 07:10:36,554 - __main__ - INFO - Done : (Error)-http://feeds.joomla.org/JoomlaSecurityNews
2018-05-15 07:10:36,554 - __main__ - INFO - Done : (Error)-https://www.joomla.org/about-joomla/the-project/code-of-conduct.html
2018-05-15 07:10:36,554 - __main__ - INFO - Done : (Error)-https://docs.joomla.org/Filing_bugs_and_issues
2018-05-15 07:10:36,555 - __main__ - INFO - Done : (Error)-https://issues.joomla.org/
2018-05-15 07:10:36,555 - __main__ - INFO - Done : (Error)-https://docs.joomla.org/Patch_submission_guidelines
2018-05-15 07:10:36,555 - __main__ - INFO - Done : (Error)-https://docs.joomla.org/Testing_Joomla!_patches
2018-05-15 07:10:36,556 - __main__ - INFO - Done : (Error)-https://docs.joomla.org/Component_Patchtester_for_Testers
2018-05-15 07:10:36,556 - __main__ - INFO - Done : (Error)-https://forum.joomla.org/viewforum.php?f=509
2018-05-15 07:10:36,556 - __main__ - INFO - Done : (Error)-https://update.joomla.org/core/nightlies/next_minor_list.xml
2018-05-15 07:10:36,557 - __main__ - INFO - Done : (Error)-https://update.joomla.org/core/nightlies/next_patch_list.xml
2018-05-15 07:10:36,557 - __main__ - INFO - Done : (Error)-https://vel.joomla.org/submit-vel
2018-05-15 07:10:36,557 - __main__ - INFO - Done : (Error)-https://update.joomla.org/core/nightlies/next_major_list.xml
2018-05-15 07:10:36,557 - __main__ - INFO - Done : (Error)-https://www.facebook.com/sharer/sharer.php?u=https%3A%2F%2Fjoom.la%2FhCA
2018-05-15 07:10:36,558 - __main__ - INFO - Done : (Error)-https://twitter.com/intent/tweet?text=Joomla%21+Development+Strategy%3A+https%3A%2F%2Fjoom.la%2FhCA
2018-05-15 07:10:36,558 - __main__ - INFO - Done : (Error)-http://www.linkedin.com/shareArticle?mini=true&url=https%3A%2F%2Fjoom.la%2FhCA&title=Joomla%21+Development+Strategy&summary=1.+Introduction+This+strategy+document+sets+out+wh...
2018-05-15 07:10:36,559 - __main__ - INFO - Done : (Error)-http://pinterest.com/pin/create/button/?url=https%3A%2F%2Fjoom.la%2FhCA&media=https%3A%2F%2Fcdn.joomla.org%2Fimages%2Fjoomla-org-og.jpg&description=Joomla%21+Development+Strategy
2018-05-15 07:10:36,559 - __main__ - INFO - Done : (Error)-http://semver.org/spec/v2.0.0.html
2018-05-15 07:10:36,559 - __main__ - INFO - Done : (Error)-http://martinfowler.com/bliki/TechnicalDebt.html
2018-05-15 07:10:36,560 - __main__ - INFO - Done : (Error)-https://developer.joomla.orgdashboard.html
2018-05-15 07:10:36,560 - __main__ - INFO - Done : (Error)-https://developer.joomla.orgadministrator/index.html
2018-05-15 07:10:36,560 - __main__ - INFO - Done : (Error)-https://developer.joomla.orglibraries/index.html
2018-05-15 07:10:36,561 - __main__ - INFO - Done : (Error)-https://developer.joomla.orgplugins/index.html
2018-05-15 07:10:36,561 - __main__ - INFO - Done : (Error)-https://phpunit.de/
2018-05-15 07:10:36,584 - __main__ - INFO - Done : (Error)-http://www.nngroup.com/articles/break-grammar-rules/
2018-05-15 07:10:36,730 - __main__ - INFO - Done : (Error)-http://www.nngroup.com/articles/american-vs-british-english-for-web/
2018-05-15 07:10:36,827 - __main__ - INFO - Done : (Error)-https://community.joomla.org/developer-newsletter-archive.html
2018-05-15 07:10:36,933 - __main__ - INFO - Done : (Error)-https://cve.mitre.org/cgi-bin/cvename.cgi?name=CVE-2017-11364
2018-05-15 07:10:53,231 - __main__ - INFO - Done :(HTML)-https://secure.php.net/
2018-05-15 07:10:53,784 - __main__ - INFO - Done :(HTML)-https://packagist.org
2018-05-15 07:11:05,603 - __main__ - INFO - Done :(HTML)-https://secure.php.net/docs.php
2018-05-15 07:11:16,066 - __main__ - INFO - Done :(HTML)-https://secure.php.net/downloads
2018-05-15 07:11:19,880 - __main__ - INFO - Done :(HTML)-https://secure.php.net/get-involved
2018-05-15 07:11:22,143 - __main__ - INFO - Done :(HTML)-https://secure.php.net/support
