2018-05-15 06:59:15,208 - __main__ - INFO - ================Start working================
2018-05-15 06:59:15,209 - __main__ - INFO - Start consuming. Queue : QUEUE_REQUEST
2018-05-15 06:59:15,220 - __main__ - INFO - Create 3 process
2018-05-15 06:59:15,221 - __main__ - INFO - Create process. Process ID :10150
2018-05-15 06:59:15,221 - __main__ - INFO - Create process. Process ID :10151
2018-05-15 06:59:15,221 - __main__ - INFO - Create process. Process ID :10152
2018-05-15 06:59:17,656 - __main__ - INFO - PID : 10150	Success : https://developer.joomla.org/security-centre.feed?type=rss
2018-05-15 07:09:32,386 - __main__ - INFO - PID : 10151	Success : https://developer.joomla.org/security-centre/722-20180104-core-sqli-vulnerability.html
2018-05-15 07:09:33,336 - __main__ - INFO - PID : 10150	Success : https://developer.joomla.org/security-centre/723-20180301-core-sqli-vulnerability.html
2018-05-15 07:09:35,106 - __main__ - INFO - PID : 10152	Success : https://developer.joomla.org/security-centre/721-20180103-core-xss-vulnerability.html
2018-05-15 07:09:37,496 - __main__ - INFO - PID : 10151	Success : https://developer.joomla.org/security-centre/720-20180102-core-xss-vulnerability.html
2018-05-15 07:09:39,833 - __main__ - INFO - PID : 10152	Success : https://developer.joomla.org/security-centre/715-20171103-core-information-disclosure.html
2018-05-15 07:09:41,940 - __main__ - INFO - PID : 10150	Success : https://developer.joomla.org/security-centre/718-20180101-core-xss-vulnerability.html
2018-05-15 07:09:44,688 - __main__ - INFO - PID : 10150	Success : https://developer.joomla.org/security-centre/710-20170901-core-information-disclosure.html
2018-05-15 07:09:45,609 - __main__ - INFO - PID : 10152	Success : https://developer.joomla.org/security-centre/714-20171101-core-ldap-information-disclosure.html
2018-05-15 07:09:46,569 - __main__ - INFO - PID : 10151	Success : https://developer.joomla.org/security-centre/713-20171102-core-2-factor-authentication-bypass.html
2018-05-15 07:09:46,670 - __main__ - ERROR - PID : 10151	ConnectionError : https://www.joomla.org
2018-05-15 07:09:46,704 - __main__ - ERROR - PID : 10151	ConnectionError : https://www.joomla.org/contribute-to-joomla.html
2018-05-15 07:09:46,804 - __main__ - ERROR - PID : 10151	ConnectionError : https://community.joomla.org/the-joomla-shop.html
2018-05-15 07:09:46,904 - __main__ - ERROR - PID : 10151	ConnectionError : https://www.joomla.org/sponsorship
2018-05-15 07:09:47,004 - __main__ - ERROR - PID : 10151	ConnectionError : https://demo.joomla.org
2018-05-15 07:09:47,104 - __main__ - ERROR - PID : 10151	ConnectionError : https://www.joomla.com
2018-05-15 07:09:47,261 - __main__ - ERROR - PID : 10151	ConnectionError : https://www.joomla.org/about-joomla.html
2018-05-15 07:09:47,304 - __main__ - ERROR - PID : 10151	ConnectionError : https://www.joomla.org/core-features.html
2018-05-15 07:09:47,453 - __main__ - ERROR - PID : 10151	ConnectionError : https://www.joomla.org/about-joomla/the-project.html
2018-05-15 07:09:47,587 - __main__ - ERROR - PID : 10151	ConnectionError : https://www.joomla.org/about-joomla/the-project/leadership-team.html
2018-05-15 07:09:47,710 - __main__ - ERROR - PID : 10151	ConnectionError : https://opensourcematters.org
2018-05-15 07:09:47,809 - __main__ - ERROR - PID : 10151	ConnectionError : https://downloads.joomla.org
2018-05-15 07:09:47,910 - __main__ - ERROR - PID : 10151	ConnectionError : https://extensions.joomla.org
2018-05-15 07:09:48,050 - __main__ - ERROR - PID : 10151	ConnectionError : https://community.joomla.org/translations.html
2018-05-15 07:09:48,113 - __main__ - ERROR - PID : 10151	ConnectionError : https://showcase.joomla.org
2018-05-15 07:09:48,267 - __main__ - ERROR - PID : 10151	ConnectionError : https://certification.joomla.org
2018-05-15 07:09:48,321 - __main__ - ERROR - PID : 10151	ConnectionError : https://www.joomla.org/announcements.html
2018-05-15 07:09:48,420 - __main__ - ERROR - PID : 10151	ConnectionError : https://community.joomla.org/blogs.html
2018-05-15 07:09:48,523 - __main__ - ERROR - PID : 10151	ConnectionError : https://magazine.joomla.org
2018-05-15 07:09:48,644 - __main__ - ERROR - PID : 10151	ConnectionError : https://community.joomla.org/connect.html
2018-05-15 07:09:48,722 - __main__ - ERROR - PID : 10151	ConnectionError : https://www.joomla.org/mailing-lists.html
2018-05-15 07:09:48,819 - __main__ - ERROR - PID : 10151	ConnectionError : https://community.joomla.org
2018-05-15 07:09:48,921 - __main__ - ERROR - PID : 10151	ConnectionError : https://community.joomla.org/events.html
2018-05-15 07:09:49,064 - __main__ - ERROR - PID : 10151	ConnectionError : https://tm.joomla.org
2018-05-15 07:09:49,122 - __main__ - ERROR - PID : 10151	ConnectionError : https://community.joomla.org/user-groups.html
2018-05-15 07:09:49,249 - __main__ - ERROR - PID : 10151	ConnectionError : https://volunteers.joomla.org
2018-05-15 07:09:49,412 - __main__ - ERROR - PID : 10151	ConnectionError : https://forum.joomla.org
2018-05-15 07:09:49,524 - __main__ - ERROR - PID : 10151	ConnectionError : https://docs.joomla.org
2018-05-15 07:09:49,663 - __main__ - ERROR - PID : 10151	ConnectionError : https://issues.joomla.org
2018-05-15 07:09:49,964 - __main__ - ERROR - PID : 10151	ConnectionError : https://resources.joomla.org
2018-05-15 07:09:50,027 - __main__ - ERROR - PID : 10151	ConnectionError : https://community.joomla.org/joomla-training.html
2018-05-15 07:09:52,142 - __main__ - INFO - PID : 10150	Success : https://developer.joomla.org/security-centre/711-20170902-core-ldap-information-disclosure.html
2018-05-15 07:09:52,273 - __main__ - ERROR - PID : 10150	ConnectionError : https://docs.joomla.org/Bug_Squad
2018-05-15 07:09:52,867 - __main__ - INFO - PID : 10152	Success : https://developer.joomla.org#
2018-05-15 07:09:52,935 - __main__ - ERROR - PID : 10152	ConnectionError : https://api.joomla.org
2018-05-15 07:09:53,124 - __main__ - INFO - PID : 10152	Success : http://joomlacode.org
2018-05-15 07:09:53,264 - __main__ - ERROR - PID : 10152	ConnectionError : https://framework.joomla.org
2018-05-15 07:09:55,324 - __main__ - INFO - PID : 10151	Success : https://developer.joomla.org
2018-05-15 07:09:55,441 - __main__ - ERROR - PID : 10151	ConnectionError : https://downloads.joomla.org/
2018-05-15 07:09:57,222 - __main__ - INFO - PID : 10152	Success : https://developer.joomla.org/
2018-05-15 07:09:58,210 - __main__ - INFO - PID : 10150	Success : https://developer.joomla.org/security.html
2018-05-15 07:10:00,814 - __main__ - INFO - PID : 10151	Success : https://developer.joomla.org/news.html
2018-05-15 07:10:01,026 - __main__ - INFO - PID : 10150	Success : https://developer.joomla.org/cms.html
2018-05-15 07:10:04,152 - __main__ - INFO - PID : 10150	Success : https://developer.joomla.org/tracker.html
2018-05-15 07:10:04,270 - __main__ - INFO - PID : 10152	Success : https://developer.joomla.org/roadmap.html
2018-05-15 07:10:04,806 - __main__ - INFO - PID : 10151	Success : https://developer.joomla.org/framework.html
2018-05-15 07:10:05,816 - __main__ - ERROR - PID : 10152	ConnectionError : https://cve.mitre.org/cgi-bin/cvename.cgi?name=CVE-2018-6376
2018-05-15 07:10:05,933 - __main__ - ERROR - PID : 10152	ConnectionError : https://ripstech.com
2018-05-15 07:10:06,068 - __main__ - ERROR - PID : 10152	ConnectionError : https://downloads.joomla.org/latest
2018-05-15 07:10:08,838 - __main__ - INFO - PID : 10151	Success : https://developer.joomla.org/security-centre.html
2018-05-15 07:10:08,979 - __main__ - ERROR - PID : 10151	ConnectionError : https://framework.joomla.org/status
2018-05-15 07:10:09,703 - __main__ - INFO - PID : 10150	Success : https://developer.joomla.org/about.html
2018-05-15 07:10:09,784 - __main__ - INFO - PID : 10152	Success : https://developer.joomla.org/nightly-builds.html
2018-05-15 07:10:14,410 - __main__ - INFO - PID : 10150	Success : https://developer.joomla.org/security/contact-the-team.html
2018-05-15 07:10:17,663 - __main__ - INFO - PID : 10150	Success : https://developer.joomla.org/about/stats/api.html
2018-05-15 07:10:19,044 - __main__ - INFO - PID : 10152	Success : https://developer.joomla.org/about/stats.html
2018-05-15 07:10:19,615 - __main__ - INFO - PID : 10151	Success : https://developer.joomla.org/development-strategy.html
2018-05-15 07:10:22,538 - __main__ - INFO - PID : 10150	Success : https://developer.joomla.org/coding-standards.html
2018-05-15 07:10:22,792 - __main__ - INFO - PID : 10151	Success : https://developer.joomla.org/cms-coverage
2018-05-15 07:10:24,899 - __main__ - INFO - PID : 10152	Success : https://developer.joomla.org/en-gb-user-interface-text-guidelines.html
2018-05-15 07:10:25,077 - __main__ - ERROR - PID : 10152	ConnectionError : https://www.joomla.org/3/
2018-05-15 07:10:25,099 - __main__ - ERROR - PID : 10152	ConnectionError : https://twitter.com/joomla
2018-05-15 07:10:25,190 - __main__ - ERROR - PID : 10152	ConnectionError : https://www.facebook.com/joomla
2018-05-15 07:10:25,342 - __main__ - ERROR - PID : 10152	ConnectionError : https://www.linkedin.com/company/joomla
2018-05-15 07:10:25,502 - __main__ - ERROR - PID : 10152	ConnectionError : https://www.pinterest.com/joomla
2018-05-15 07:10:25,674 - __main__ - INFO - PID : 10151	Success : https://developer.joomla.org/newsletter.html
2018-05-15 07:10:25,675 - __main__ - ERROR - PID : 10152	ConnectionError : https://www.instagram.com/joomlaofficial/
2018-05-15 07:10:25,708 - __main__ - ERROR - PID : 10151	ConnectionError : https://www.joomla.org/accessibility-statement.html
2018-05-15 07:10:25,714 - __main__ - ERROR - PID : 10152	ConnectionError : https://www.joomla.org/privacy-policy.html
2018-05-15 07:10:25,822 - __main__ - ERROR - PID : 10152	ConnectionError : https://crowdin.com/projects/Joomla
2018-05-15 07:10:25,847 - __main__ - ERROR - PID : 10151	ConnectionError : https://www.paypal.me/joomlaosm/5
2018-05-15 07:10:25,974 - __main__ - ERROR - PID : 10151	ConnectionError : https://www.rochen.com/joomla-hosting
2018-05-15 07:10:27,425 - __main__ - ERROR - PID : 10151	ConnectionError : https://cve.mitre.org/cgi-bin/cvename.cgi?name=CVE-2018-8045
2018-05-15 07:10:27,707 - __main__ - INFO - PID : 10150	Success : https://developer.joomla.org/joomlacode-archive.html
2018-05-15 07:10:28,893 - __main__ - ERROR - PID : 10151	ConnectionError : https://cve.mitre.org/cgi-bin/cvename.cgi?name=CVE-2018-6379
2018-05-15 07:10:28,897 - __main__ - ERROR - PID : 10150	ConnectionError : https://cve.mitre.org/cgi-bin/cvename.cgi?name=CVE-2018-6377
2018-05-15 07:10:28,920 - __main__ - ERROR - PID : 10151	ConnectionError : https://cve.mitre.org/cgi-bin/cvename.cgi?name=CVE-2017-16633
2018-05-15 07:10:29,023 - __main__ - ERROR - PID : 10151	ConnectionError : https://cve.mitre.org/cgi-bin/cvename.cgi?name=CVE-2017-14595
2018-05-15 07:10:29,123 - __main__ - ERROR - PID : 10151	ConnectionError : https://cve.mitre.org/cgi-bin/cvename.cgi?name=CVE-2017-14596
2018-05-15 07:10:29,627 - __main__ - ERROR - PID : 10151	ConnectionError : https://www.ripstech.com
2018-05-15 07:10:29,725 - __main__ - ERROR - PID : 10151	ConnectionError : https://cve.mitre.org/cgi-bin/cvename.cgi?name=CVE-2017-16634
2018-05-15 07:10:30,364 - __main__ - ERROR - PID : 10150	ConnectionError : https://cve.mitre.org/cgi-bin/cvename.cgi?name=CVE-2018-6380
2018-05-15 07:10:30,429 - __main__ - ERROR - PID : 10150	ConnectionError : https://volunteers.joomla.org/teams/security-strike-team
2018-05-15 07:10:30,527 - __main__ - ERROR - PID : 10150	ConnectionError : https://vel.joomla.org
2018-05-15 07:10:30,662 - __main__ - ERROR - PID : 10150	ConnectionError : https://forum.joomla.org/viewforum.php?f=714
2018-05-15 07:10:30,726 - __main__ - ERROR - PID : 10150	ConnectionError : https://volunteers.joomla.org/teams/marketing
2018-05-15 07:10:30,821 - __main__ - ERROR - PID : 10150	ConnectionError : https://www.facebook.com/sharer/sharer.php?u=https%3A%2F%2Fjoom.la%2FjRn
2018-05-15 07:10:30,928 - __main__ - ERROR - PID : 10150	ConnectionError : https://twitter.com/intent/tweet?text=State+of+the+Framework%3A+https%3A%2F%2Fjoom.la%2FjRn
2018-05-15 07:10:31,116 - __main__ - INFO - PID : 10150	Success : http://www.linkedin.com/shareArticle?mini=true&url=https%3A%2F%2Fjoom.la%2FjRn&title=State+of+the+Framework&summary=Since+its+initial+stable+release+in+December+2013%2C...
2018-05-15 07:10:31,430 - __main__ - INFO - PID : 10150	Success : http://pinterest.com/pin/create/button/?url=https%3A%2F%2Fjoom.la%2FjRn&media=https%3A%2F%2Fdeveloper.joomla.org%2Fimages%2Fnews%2Fstate-of-joomla-framework.jpg&description=State+of+the+Framework
2018-05-15 07:10:31,527 - __main__ - ERROR - PID : 10150	ConnectionError : https://www.facebook.com/sharer/sharer.php?u=https%3A%2F%2Fjoom.la%2FjSd
2018-05-15 07:10:31,634 - __main__ - ERROR - PID : 10150	ConnectionError : https://twitter.com/intent/tweet?text=Updated+Branches+on+Joomla+Repository%3A+https%3A%2F%2Fjoom.la%2FjSd
2018-05-15 07:10:31,826 - __main__ - INFO - PID : 10150	Success : http://www.linkedin.com/shareArticle?mini=true&url=https%3A%2F%2Fjoom.la%2FjSd&title=Updated+Branches+on+Joomla+Repository&summary=In+preparation+for+the+upcoming+3.9+and+3.10+relea...
2018-05-15 07:10:32,087 - __main__ - INFO - PID : 10150	Success : http://pinterest.com/pin/create/button/?url=https%3A%2F%2Fjoom.la%2FjSd&media=https%3A%2F%2Fdeveloper.joomla.org%2Fimages%2Fnews%2Fjoomla-39-310-branches.jpg&description=Updated+Branches+on+Joomla+Repository
2018-05-15 07:10:32,153 - __main__ - ERROR - PID : 10150	ConnectionError : https://www.facebook.com/sharer/sharer.php?u=https%3A%2F%2Fjoom.la%2FjSc
2018-05-15 07:10:32,266 - __main__ - ERROR - PID : 10150	ConnectionError : https://twitter.com/intent/tweet?text=Joomla%21+4+is+on+the+horizon+%E2%80%A6%3A+https%3A%2F%2Fjoom.la%2FjSc
2018-05-15 07:10:32,462 - __main__ - INFO - PID : 10150	Success : http://www.linkedin.com/shareArticle?mini=true&url=https%3A%2F%2Fjoom.la%2FjSc&title=Joomla%21+4+is+on+the+horizon+%E2%80%A6&summary=The+Joomla+Project+is+pleased+to+announce+the+avai...
2018-05-15 07:10:32,670 - __main__ - INFO - PID : 10150	Success : http://pinterest.com/pin/create/button/?url=https%3A%2F%2Fjoom.la%2FjSc&media=https%3A%2F%2Fdeveloper.joomla.org%2Fimages%2Fnews%2Fjoomla-4-alpha3.jpg&description=Joomla%21+4+is+on+the+horizon+%E2%80%A6
2018-05-15 07:10:32,754 - __main__ - ERROR - PID : 10150	ConnectionError : https://www.facebook.com/sharer/sharer.php?u=https%3A%2F%2Fjoom.la%2FjQI
2018-05-15 07:10:32,893 - __main__ - ERROR - PID : 10150	ConnectionError : https://twitter.com/intent/tweet?text=Goals+for+Joomla+3.9%3A+https%3A%2F%2Fjoom.la%2FjQI
2018-05-15 07:10:33,040 - __main__ - INFO - PID : 10150	Success : http://www.linkedin.com/shareArticle?mini=true&url=https%3A%2F%2Fjoom.la%2FjQI&title=Goals+for+Joomla+3.9&summary=As+previously+announced+here+%2C+the+Joomla+Project...
2018-05-15 07:10:33,273 - __main__ - INFO - PID : 10150	Success : http://pinterest.com/pin/create/button/?url=https%3A%2F%2Fjoom.la%2FjQI&media=https%3A%2F%2Fdeveloper.joomla.org%2Fimages%2Fnews%2Fjoomla-39-plan.jpg&description=Goals+for+Joomla+3.9
2018-05-15 07:10:33,357 - __main__ - ERROR - PID : 10150	ConnectionError : https://www.joomla.org/announcements/release-news/5731-joomla-3-9-and-joomla-3-10.html
2018-05-15 07:10:33,455 - __main__ - ERROR - PID : 10150	ConnectionError : https://www.facebook.com/sharer/sharer.php?u=https%3A%2F%2Fjoom.la%2FjOr
2018-05-15 07:10:33,565 - __main__ - ERROR - PID : 10150	ConnectionError : https://twitter.com/intent/tweet?text=Removal+of+the+Gmail+Authentication+Plugin+as+of+Joomla+4.0%3A+https%3A%2F%2Fjoom.la%2FjOr
2018-05-15 07:10:33,752 - __main__ - INFO - PID : 10150	Success : http://www.linkedin.com/shareArticle?mini=true&url=https%3A%2F%2Fjoom.la%2FjOr&title=Removal+of+the+Gmail+Authentication+Plugin+as+of+Joomla+4.0&summary=Since+version+1.5%2C+the+Joomla+CMS+contains+a+Gmail...
2018-05-15 07:10:33,776 - __main__ - INFO - PID : 10152	Success : https://developer.joomla.org/login.html
2018-05-15 07:10:33,873 - __main__ - ERROR - PID : 10152	ConnectionError : https://twitter.com/JoomlaDeveloper
2018-05-15 07:10:33,929 - __main__ - INFO - PID : 10151	Success : https://developer.joomla.org/security-centre/700-20170704-core-installer-lack-of-ownership-verification.html
2018-05-15 07:10:33,975 - __main__ - ERROR - PID : 10151	ConnectionError : https://issues.joomla.org/activity/total/joomla-cms
2018-05-15 07:10:33,983 - __main__ - INFO - PID : 10150	Success : http://pinterest.com/pin/create/button/?url=https%3A%2F%2Fjoom.la%2FjOr&media=https%3A%2F%2Fdeveloper.joomla.org%2Fimages%2Fnews%2Fjoomla4-gmail.jpg&description=Removal+of+the+Gmail+Authentication+Plugin+as+of+Joomla+4.0
2018-05-15 07:10:33,983 - __main__ - ERROR - PID : 10152	ConnectionError : https://issues.joomla.org/activity/user/joomla-cms
2018-05-15 07:10:34,081 - __main__ - ERROR - PID : 10151	ConnectionError : https://issues.joomla.org/activity/snapshot/joomla-cms
2018-05-15 07:10:34,082 - __main__ - ERROR - PID : 10150	ConnectionError : https://volunteers.joomla.org/departments/production
2018-05-15 07:10:34,090 - __main__ - ERROR - PID : 10152	ConnectionError : https://issues.joomla.org/activity/project/joomla-cms
2018-05-15 07:10:34,183 - __main__ - ERROR - PID : 10151	ConnectionError : https://volunteers.joomla.org/teams/cms-release-team
2018-05-15 07:10:34,217 - __main__ - ERROR - PID : 10150	ConnectionError : https://volunteers.joomla.org/teams/cms-maintenance-team
2018-05-15 07:10:34,222 - __main__ - ERROR - PID : 10152	ConnectionError : https://downloads.joomla.org/cms/joomla3
2018-05-15 07:10:34,278 - __main__ - ERROR - PID : 10151	ConnectionError : https://downloads.joomla.org/cms/joomla3/3-8-7
2018-05-15 07:10:34,306 - __main__ - ERROR - PID : 10150	ConnectionError : https://docs.joomla.org/Potential_backward_compatibility_issues_in_Joomla_4
2018-05-15 07:10:34,321 - __main__ - ERROR - PID : 10152	ConnectionError : https://volunteers.joomla.org/teams/new-media-manager-team
2018-05-15 07:10:34,382 - __main__ - ERROR - PID : 10151	ConnectionError : https://volunteers.joomla.org/teams/framework-working-group
2018-05-15 07:10:34,474 - __main__ - INFO - PID : 10150	Success : http://getcomposer.org
2018-05-15 07:10:34,579 - __main__ - INFO - PID : 10151	Success : http://feeds.joomla.org/JoomlaSecurityNews
2018-05-15 07:10:34,586 - __main__ - ERROR - PID : 10150	ConnectionError : https://www.joomla.org/about-joomla/the-project/code-of-conduct.html
2018-05-15 07:10:34,688 - __main__ - ERROR - PID : 10150	ConnectionError : https://docs.joomla.org/Filing_bugs_and_issues
2018-05-15 07:10:34,688 - __main__ - ERROR - PID : 10151	ConnectionError : https://issues.joomla.org/
2018-05-15 07:10:34,808 - __main__ - ERROR - PID : 10150	ConnectionError : https://docs.joomla.org/Patch_submission_guidelines
2018-05-15 07:10:34,812 - __main__ - ERROR - PID : 10151	ConnectionError : https://docs.joomla.org/Testing_Joomla!_patches
2018-05-15 07:10:34,924 - __main__ - ERROR - PID : 10150	ConnectionError : https://docs.joomla.org/Component_Patchtester_for_Testers
2018-05-15 07:10:34,933 - __main__ - ERROR - PID : 10151	ConnectionError : https://forum.joomla.org/viewforum.php?f=509
2018-05-15 07:10:35,001 - __main__ - ERROR - PID : 10151	ConnectionError : https://update.joomla.org/core/nightlies/next_minor_list.xml
2018-05-15 07:10:35,005 - __main__ - ERROR - PID : 10150	ConnectionError : https://update.joomla.org/core/nightlies/next_patch_list.xml
2018-05-15 07:10:35,099 - __main__ - ERROR - PID : 10150	ConnectionError : https://vel.joomla.org/submit-vel
2018-05-15 07:10:35,138 - __main__ - ERROR - PID : 10151	ConnectionError : https://update.joomla.org/core/nightlies/next_major_list.xml
2018-05-15 07:10:35,222 - __main__ - ERROR - PID : 10150	ConnectionError : https://www.facebook.com/sharer/sharer.php?u=https%3A%2F%2Fjoom.la%2FhCA
2018-05-15 07:10:35,261 - __main__ - ERROR - PID : 10151	ConnectionError : https://twitter.com/intent/tweet?text=Joomla%21+Development+Strategy%3A+https%3A%2F%2Fjoom.la%2FhCA
2018-05-15 07:10:35,399 - __main__ - INFO - PID : 10150	Success : http://www.linkedin.com/shareArticle?mini=true&url=https%3A%2F%2Fjoom.la%2FhCA&title=Joomla%21+Development+Strategy&summary=1.+Introduction+This+strategy+document+sets+out+wh...
2018-05-15 07:10:35,419 - __main__ - INFO - PID : 10151	Success : http://pinterest.com/pin/create/button/?url=https%3A%2F%2Fjoom.la%2FhCA&media=https%3A%2F%2Fcdn.joomla.org%2Fimages%2Fjoomla-org-og.jpg&description=Joomla%21+Development+Strategy
2018-05-15 07:10:35,784 - __main__ - INFO - PID : 10150	Success : http://semver.org/spec/v2.0.0.html
2018-05-15 07:10:35,801 - __main__ - INFO - PID : 10151	Success : http://martinfowler.com/bliki/TechnicalDebt.html
2018-05-15 07:10:35,991 - __main__ - ERROR - PID : 10150	ConnectionError : https://developer.joomla.orgdashboard.html
2018-05-15 07:10:36,000 - __main__ - ERROR - PID : 10151	ConnectionError : https://developer.joomla.orgadministrator/index.html
2018-05-15 07:10:36,142 - __main__ - ERROR - PID : 10150	ConnectionError : https://developer.joomla.orglibraries/index.html
2018-05-15 07:10:36,223 - __main__ - ERROR - PID : 10151	ConnectionError : https://developer.joomla.orgplugins/index.html
2018-05-15 07:10:36,323 - __main__ - ERROR - PID : 10151	ConnectionError : https://phpunit.de/
2018-05-15 07:10:36,563 - __main__ - INFO - PID : 10151	Success : http://www.nngroup.com/articles/break-grammar-rules/
2018-05-15 07:10:36,726 - __main__ - INFO - PID : 10151	Success : http://www.nngroup.com/articles/american-vs-british-english-for-web/
2018-05-15 07:10:36,825 - __main__ - ERROR - PID : 10151	ConnectionError : https://community.joomla.org/developer-newsletter-archive.html
2018-05-15 07:10:36,927 - __main__ - ERROR - PID : 10151	ConnectionError : https://cve.mitre.org/cgi-bin/cvename.cgi?name=CVE-2017-11364
2018-05-15 07:10:38,775 - __main__ - INFO - PID : 10150	Success : https://secure.php.net/
2018-05-15 07:10:39,357 - __main__ - INFO - PID : 10152	Success : https://packagist.org
2018-05-15 07:10:41,699 - __main__ - INFO - PID : 10150	Success : https://secure.php.net/docs.php
2018-05-15 07:10:44,874 - __main__ - INFO - PID : 10151	Success : https://secure.php.net/downloads
2018-05-15 07:10:45,898 - __main__ - INFO - PID : 10152	Success : https://secure.php.net/get-involved
2018-05-15 07:10:46,722 - __main__ - INFO - PID : 10150	Success : https://secure.php.net/support
2018-05-15 07:10:47,308 - __main__ - INFO - PID : 10151	Success : https://secure.php.net/manual/en/getting-started.php
2018-05-15 07:10:48,356 - __main__ - INFO - PID : 10152	Success : https://secure.php.net/manual/en/introduction.php
2018-05-15 07:10:49,180 - __main__ - INFO - PID : 10150	Success : https://secure.php.net/manual/en/tutorial.php
2018-05-15 07:10:49,501 - __main__ - INFO - PID : 10151	Success : https://secure.php.net/manual/en/langref.php
2018-05-15 07:10:50,888 - __main__ - INFO - PID : 10152	Success : https://secure.php.net/manual/en/language.basic-syntax.php
2018-05-15 07:10:51,347 - __main__ - INFO - PID : 10150	Success : https://secure.php.net/manual/en/language.types.php
2018-05-15 07:10:52,340 - __main__ - INFO - PID : 10151	Success : https://secure.php.net/manual/en/language.variables.php
2018-05-15 07:10:53,169 - __main__ - INFO - PID : 10152	Success : https://secure.php.net/manual/en/language.constants.php
2018-05-15 07:10:54,076 - __main__ - INFO - PID : 10150	Success : https://secure.php.net/manual/en/language.expressions.php
2018-05-15 07:10:54,746 - __main__ - INFO - PID : 10151	Success : https://secure.php.net/manual/en/language.operators.php
2018-05-15 07:10:55,582 - __main__ - INFO - PID : 10152	Success : https://secure.php.net/manual/en/language.control-structures.php
2018-05-15 07:10:56,833 - __main__ - INFO - PID : 10150	Success : https://secure.php.net/manual/en/language.functions.php
2018-05-15 07:10:57,735 - __main__ - INFO - PID : 10151	Success : https://secure.php.net/manual/en/language.oop5.php
2018-05-15 07:10:57,777 - __main__ - INFO - PID : 10152	Success : https://secure.php.net/manual/en/language.namespaces.php
2018-05-15 07:10:59,279 - __main__ - INFO - PID : 10150	Success : https://secure.php.net/manual/en/language.errors.php
2018-05-15 07:11:00,205 - __main__ - INFO - PID : 10152	Success : https://secure.php.net/manual/en/language.generators.php
2018-05-15 07:11:01,466 - __main__ - INFO - PID : 10151	Success : https://secure.php.net/manual/en/language.exceptions.php
2018-05-15 07:11:01,694 - __main__ - INFO - PID : 10150	Success : https://secure.php.net/manual/en/language.references.php
2018-05-15 07:11:02,715 - __main__ - INFO - PID : 10152	Success : https://secure.php.net/manual/en/reserved.variables.php
2018-05-15 07:11:05,318 - __main__ - INFO - PID : 10151	Success : https://secure.php.net/manual/en/reserved.exceptions.php
2018-05-15 07:11:05,368 - __main__ - INFO - PID : 10150	Success : https://secure.php.net/manual/en/reserved.interfaces.php
2018-05-15 07:11:05,686 - __main__ - INFO - PID : 10152	Success : https://secure.php.net/manual/en/context.php
2018-05-15 07:11:07,848 - __main__ - INFO - PID : 10150	Success : https://secure.php.net/manual/en/security.php
2018-05-15 07:11:08,290 - __main__ - INFO - PID : 10152	Success : https://secure.php.net/manual/en/security.intro.php
2018-05-15 07:11:09,365 - __main__ - INFO - PID : 10151	Success : https://secure.php.net/manual/en/wrappers.php
2018-05-15 07:11:11,785 - __main__ - INFO - PID : 10150	Success : https://secure.php.net/manual/en/security.general.php
2018-05-15 07:11:11,948 - __main__ - INFO - PID : 10151	Success : https://secure.php.net/manual/en/security.apache.php
2018-05-15 07:11:13,017 - __main__ - INFO - PID : 10152	Success : https://secure.php.net/manual/en/security.cgi-bin.php
2018-05-15 07:11:14,482 - __main__ - INFO - PID : 10150	Success : https://secure.php.net/manual/en/security.sessions.php
2018-05-15 07:11:16,725 - __main__ - INFO - PID : 10151	Success : https://secure.php.net/manual/en/security.filesystem.php
2018-05-15 07:11:16,926 - __main__ - INFO - PID : 10152	Success : https://secure.php.net/manual/en/security.database.php
2018-05-15 07:11:17,809 - __main__ - INFO - PID : 10150	Success : https://secure.php.net/manual/en/security.errors.php
2018-05-15 07:11:19,344 - __main__ - INFO - PID : 10151	Success : https://secure.php.net/manual/en/security.globals.php
2018-05-15 07:11:19,940 - __main__ - INFO - PID : 10152	Success : https://secure.php.net/manual/en/security.variables.php
2018-05-15 07:11:20,363 - __main__ - INFO - PID : 10150	Success : https://secure.php.net/manual/en/security.magicquotes.php
2018-05-15 07:11:22,632 - __main__ - INFO - PID : 10151	Success : https://secure.php.net/manual/en/security.hiding.php
2018-05-15 07:11:23,130 - __main__ - INFO - PID : 10150	Success : https://secure.php.net/manual/en/features.php
2018-05-15 07:11:23,702 - __main__ - INFO - PID : 10152	Success : https://secure.php.net/manual/en/security.current.php
2018-05-15 07:11:24,329 - __main__ - INFO - Terminate 3 process
